/home/users/swmclau2/scratch/UatuTraining/Box000/
511.999998728
/home/users/swmclau2/scratch/UatuTraining/Box001/
511.999998728
/home/users/swmclau2/scratch/UatuTraining/Box002/
511.999998728
/home/users/swmclau2/scratch/UatuTraining/Box003/
511.999998728
/home/users/swmclau2/scratch/UatuTraining/Box004/
511.999998728
/home/users/swmclau2/scratch/UatuTraining/Box005/
511.999998728
/home/users/swmclau2/scratch/UatuTraining/Box006/
511.999998728
/home/users/swmclau2/scratch/UatuTraining/Box007/
511.999998728
/home/users/swmclau2/scratch/UatuTraining/Box008/
511.999998728
/home/users/swmclau2/scratch/UatuTraining/Box009/
511.999998728
/home/users/swmclau2/scratch/UatuTraining/Box010/
511.999998728
/home/users/swmclau2/scratch/UatuTraining/Box011/
511.999998728
/home/users/swmclau2/scratch/UatuTraining/Box012/
511.999998728
/home/users/swmclau2/scratch/UatuTraining/Box013/
511.999998728
/home/users/swmclau2/scratch/UatuTraining/Box014/
511.999998728
/home/users/swmclau2/scratch/UatuTraining/Box015/
511.999998728
/home/users/swmclau2/scratch/UatuTraining/Box016/
511.999998728
/home/users/swmclau2/scratch/UatuTraining/Box017/
511.999998728
/home/users/swmclau2/scratch/UatuTraining/Box018/
511.999998728
/home/users/swmclau2/scratch/UatuTraining/Box019/
511.999998728
/home/users/swmclau2/scratch/UatuTraining/Box020/
511.999998728
/home/users/swmclau2/scratch/UatuTraining/Box021/
511.999998728
/home/users/swmclau2/scratch/UatuTraining/Box022/
511.999998728
/home/users/swmclau2/scratch/UatuTraining/Box023/
511.999998728
/home/users/swmclau2/scratch/UatuTraining/Box024/
511.999998728
/home/users/swmclau2/scratch/UatuTraining/Box025/
511.999998728
/home/users/swmclau2/scratch/UatuTraining/Box026/
511.999998728
/home/users/swmclau2/scratch/UatuTraining/Box027/
511.999998728
/home/users/swmclau2/scratch/UatuTraining/Box028/
511.999998728
/home/users/swmclau2/scratch/UatuTraining/Box029/
511.999998728
/home/users/swmclau2/scratch/UatuTraining/Box030/
511.999998728
/home/users/swmclau2/scratch/UatuTraining/Box031/
511.999998728
/home/users/swmclau2/scratch/UatuTraining/Box032/
511.999998728
/home/users/swmclau2/scratch/UatuTraining/Box033/
511.999998728
/home/users/swmclau2/scratch/UatuTraining/Box034/
511.999998728
/home/users/swmclau2/scratch/UatuTraining/Box035/
511.999998728
/home/users/swmclau2/scratch/UatuTraining/Box036/
511.999998728
/home/users/swmclau2/scratch/UatuTraining/Box037/
511.999998728
/home/users/swmclau2/scratch/UatuTraining/Box038/
511.999998728
/home/users/swmclau2/scratch/UatuTraining/Box039/
511.999998728
/home/users/swmclau2/scratch/UatuTraining/Box040/
511.999998728
/home/users/swmclau2/scratch/UatuTraining/Box041/
511.999998728
/home/users/swmclau2/scratch/UatuTraining/Box042/
511.999998728
/home/users/swmclau2/scratch/UatuTraining/Box043/
511.999998728
/home/users/swmclau2/scratch/UatuTraining/Box044/
511.999998728
/home/users/swmclau2/scratch/UatuTraining/Box045/
511.999998728
/home/users/swmclau2/scratch/UatuTraining/Box046/
511.999998728
/home/users/swmclau2/scratch/UatuTraining/Box047/
511.999998728
/home/users/swmclau2/scratch/UatuTraining/Box048/
511.999998728
/home/users/swmclau2/scratch/UatuTraining/Box049/
511.999998728
/home/users/swmclau2/scratch/UatuTraining/Box050/
511.999998728
/home/users/swmclau2/scratch/UatuTraining/Box051/
511.999998728
/home/users/swmclau2/scratch/UatuTraining/Box052/
511.999998728
/home/users/swmclau2/scratch/UatuTraining/Box053/
511.999998728
/home/users/swmclau2/scratch/UatuTraining/Box054/
511.999998728
/home/users/swmclau2/scratch/UatuTraining/Box055/
511.999998728
/home/users/swmclau2/scratch/UatuTraining/Box056/
511.999998728
/home/users/swmclau2/scratch/UatuTraining/Box057/
511.999998728
/home/users/swmclau2/scratch/UatuTraining/Box058/
511.999998728
/home/users/swmclau2/scratch/UatuTraining/Box059/
511.999998728
/home/users/swmclau2/scratch/UatuTraining/Box060/
511.999998728
/home/users/swmclau2/scratch/UatuTraining/Box061/
511.999998728
/home/users/swmclau2/scratch/UatuTraining/Box062/
511.999998728
/home/users/swmclau2/scratch/UatuTraining/Box063/
511.999998728
/home/users/swmclau2/scratch/UatuTraining/Box064/
511.999998728
/home/users/swmclau2/scratch/UatuTraining/Box065/
511.999998728
/home/users/swmclau2/scratch/UatuTraining/Box066/
511.999998728
/home/users/swmclau2/scratch/UatuTraining/Box067/
511.999998728
/home/users/swmclau2/scratch/UatuTraining/Box068/
511.999998728
/home/users/swmclau2/scratch/UatuTraining/Box069/
511.999998728
/home/users/swmclau2/scratch/UatuTraining/Box070/
511.999998728
/home/users/swmclau2/scratch/UatuTraining/Box071/
511.999998728
/home/users/swmclau2/scratch/UatuTraining/Box072/
511.999998728
/home/users/swmclau2/scratch/UatuTraining/Box073/
511.999998728
/home/users/swmclau2/scratch/UatuTraining/Box074/
511.999998728
/home/users/swmclau2/scratch/UatuTraining/Box075/
511.999998728
/home/users/swmclau2/scratch/UatuTraining/Box076/
511.999998728
/home/users/swmclau2/scratch/UatuTraining/Box077/
511.999998728
/home/users/swmclau2/scratch/UatuTraining/Box078/
511.999998728
/home/users/swmclau2/scratch/UatuTraining/Box079/
511.999998728
/home/users/swmclau2/scratch/UatuTraining/Box080/
511.999998728
/home/users/swmclau2/scratch/UatuTraining/Box081/
511.999998728
/home/users/swmclau2/scratch/UatuTraining/Box082/
511.999998728
/home/users/swmclau2/scratch/UatuTraining/Box083/
511.999998728
/home/users/swmclau2/scratch/UatuTraining/Box084/
511.999998728
/home/users/swmclau2/scratch/UatuTraining/Box085/
511.999998728
/home/users/swmclau2/scratch/UatuTraining/Box086/
511.999998728
/home/users/swmclau2/scratch/UatuTraining/Box087/
511.999998728
/home/users/swmclau2/scratch/UatuTraining/Box088/
511.999998728
/home/users/swmclau2/scratch/UatuTraining/Box089/
511.999998728
/home/users/swmclau2/scratch/UatuTraining/Box090/
511.999998728
/home/users/swmclau2/scratch/UatuTraining/Box091/
511.999998728
/home/users/swmclau2/scratch/UatuTraining/Box092/
511.999998728
/home/users/swmclau2/scratch/UatuTraining/Box093/
511.999998728
/home/users/swmclau2/scratch/UatuTraining/Box094/
511.999998728
/home/users/swmclau2/scratch/UatuTraining/Box095/
511.999998728
/home/users/swmclau2/scratch/UatuTraining/Box096/
511.999998728
/home/users/swmclau2/scratch/UatuTraining/Box097/
511.999998728
/home/users/swmclau2/scratch/UatuTraining/Box098/
511.999998728
/home/users/swmclau2/scratch/UatuTraining/Box099/
511.999998728
/home/users/swmclau2/scratch/UatuTraining/Box100/
511.999998728
/home/users/swmclau2/scratch/UatuTraining/Box101/
511.999998728
/home/users/swmclau2/scratch/UatuTraining/Box102/
511.999998728
/home/users/swmclau2/scratch/UatuTraining/Box103/
511.999998728
/home/users/swmclau2/scratch/UatuTraining/Box104/
511.999998728
/home/users/swmclau2/scratch/UatuTraining/Box105/
511.999998728
/home/users/swmclau2/scratch/UatuTraining/Box106/
511.999998728
/home/users/swmclau2/scratch/UatuTraining/Box107/
511.999998728
/home/users/swmclau2/scratch/UatuTraining/Box108/
511.999998728
/home/users/swmclau2/scratch/UatuTraining/Box109/
511.999998728
/home/users/swmclau2/scratch/UatuTraining/Box110/
511.999998728
/home/users/swmclau2/scratch/UatuTraining/Box111/
511.999998728
/home/users/swmclau2/scratch/UatuTraining/Box112/
511.999998728
/home/users/swmclau2/scratch/UatuTraining/Box113/
511.999998728
/home/users/swmclau2/scratch/UatuTraining/Box114/
511.999998728
/home/users/swmclau2/scratch/UatuTraining/Box115/
511.999998728
/home/users/swmclau2/scratch/UatuTraining/Box116/
511.999998728
/home/users/swmclau2/scratch/UatuTraining/Box117/
511.999998728
/home/users/swmclau2/scratch/UatuTraining/Box118/
511.999998728
/home/users/swmclau2/scratch/UatuTraining/Box119/
511.999998728
/home/users/swmclau2/scratch/UatuTraining/Box120/
511.999998728
/home/users/swmclau2/scratch/UatuTraining/Box121/
511.999998728
/home/users/swmclau2/scratch/UatuTraining/Box122/
511.999998728
/home/users/swmclau2/scratch/UatuTraining/Box123/
511.999998728
/home/users/swmclau2/scratch/UatuTraining/Box124/
511.999998728
/home/users/swmclau2/scratch/UatuTraining/Box125/
511.999998728
/home/users/swmclau2/scratch/UatuTraining/Box126/
511.999998728
/home/users/swmclau2/scratch/UatuTraining/Box127/
511.999998728
/home/users/swmclau2/scratch/UatuTraining/Box128/
511.999998728
/home/users/swmclau2/scratch/UatuTraining/Box129/
511.999998728
/home/users/swmclau2/scratch/UatuTraining/Box130/
511.999998728
/home/users/swmclau2/scratch/UatuTraining/Box131/
511.999998728
/home/users/swmclau2/scratch/UatuTraining/Box132/
511.999998728
/home/users/swmclau2/scratch/UatuTraining/Box133/
511.999998728
/home/users/swmclau2/scratch/UatuTraining/Box134/
511.999998728
/home/users/swmclau2/scratch/UatuTraining/Box135/
511.999998728
/home/users/swmclau2/scratch/UatuTraining/Box136/
511.999998728
/home/users/swmclau2/scratch/UatuTraining/Box137/
511.999998728
/home/users/swmclau2/scratch/UatuTraining/Box138/
511.999998728
/home/users/swmclau2/scratch/UatuTraining/Box139/
511.999998728
/home/users/swmclau2/scratch/UatuTraining/Box140/
511.999998728
/home/users/swmclau2/scratch/UatuTraining/Box141/
511.999998728
/home/users/swmclau2/scratch/UatuTraining/Box142/
511.999998728
/home/users/swmclau2/scratch/UatuTraining/Box143/
511.999998728
/home/users/swmclau2/scratch/UatuTraining/Box144/
511.999998728
/home/users/swmclau2/scratch/UatuTraining/Box145/
511.999998728
/home/users/swmclau2/scratch/UatuTraining/Box146/
511.999998728
/home/users/swmclau2/scratch/UatuTraining/Box147/
511.999998728
/home/users/swmclau2/scratch/UatuTraining/Box148/
511.999998728
/home/users/swmclau2/scratch/UatuTraining/Box149/
511.999998728
/home/users/swmclau2/scratch/UatuTraining/Box150/
511.999998728
/home/users/swmclau2/scratch/UatuTraining/Box151/
511.999998728
/home/users/swmclau2/scratch/UatuTraining/Box152/
511.999998728
/home/users/swmclau2/scratch/UatuTraining/Box153/
511.999998728
/home/users/swmclau2/scratch/UatuTraining/Box154/
511.999998728
/home/users/swmclau2/scratch/UatuTraining/Box155/
511.999998728
/home/users/swmclau2/scratch/UatuTraining/Box156/
511.999998728
/home/users/swmclau2/scratch/UatuTraining/Box157/
511.999998728
/home/users/swmclau2/scratch/UatuTraining/Box158/
511.999998728
/home/users/swmclau2/scratch/UatuTraining/Box159/
511.999998728
/home/users/swmclau2/scratch/UatuTraining/Box160/
511.999998728
/home/users/swmclau2/scratch/UatuTraining/Box161/
511.999998728
/home/users/swmclau2/scratch/UatuTraining/Box162/
511.999998728
/home/users/swmclau2/scratch/UatuTraining/Box163/
511.999998728
/home/users/swmclau2/scratch/UatuTraining/Box164/
511.999998728
/home/users/swmclau2/scratch/UatuTraining/Box165/
511.999998728
/home/users/swmclau2/scratch/UatuTraining/Box166/
511.999998728
/home/users/swmclau2/scratch/UatuTraining/Box167/
511.999998728
/home/users/swmclau2/scratch/UatuTraining/Box168/
511.999998728
/home/users/swmclau2/scratch/UatuTraining/Box169/
511.999998728
/home/users/swmclau2/scratch/UatuTraining/Box170/
511.999998728
/home/users/swmclau2/scratch/UatuTraining/Box171/
511.999998728
/home/users/swmclau2/scratch/UatuTraining/Box172/
511.999998728
/home/users/swmclau2/scratch/UatuTraining/Box173/
511.999998728
/home/users/swmclau2/scratch/UatuTraining/Box174/
511.999998728
/home/users/swmclau2/scratch/UatuTraining/Box175/
511.999998728
/home/users/swmclau2/scratch/UatuTraining/Box176/
511.999998728
/home/users/swmclau2/scratch/UatuTraining/Box177/
511.999998728
/home/users/swmclau2/scratch/UatuTraining/Box178/
511.999998728
/home/users/swmclau2/scratch/UatuTraining/Box179/
511.999998728
/home/users/swmclau2/scratch/UatuTraining/Box180/
511.999998728
/home/users/swmclau2/scratch/UatuTraining/Box181/
511.999998728
/home/users/swmclau2/scratch/UatuTraining/Box182/
511.999998728
/home/users/swmclau2/scratch/UatuTraining/Box183/
511.999998728
/home/users/swmclau2/scratch/UatuTraining/Box184/
511.999998728
/home/users/swmclau2/scratch/UatuTraining/Box185/
511.999998728
/home/users/swmclau2/scratch/UatuTraining/Box186/
511.999998728
/home/users/swmclau2/scratch/UatuTraining/Box187/
511.999998728
/home/users/swmclau2/scratch/UatuTraining/Box188/
511.999998728
/home/users/swmclau2/scratch/UatuTraining/Box189/
511.999998728
/home/users/swmclau2/scratch/UatuTraining/Box190/
511.999998728
/home/users/swmclau2/scratch/UatuTraining/Box191/
511.999998728
/home/users/swmclau2/scratch/UatuTraining/Box192/
511.999998728
/home/users/swmclau2/scratch/UatuTraining/Box193/
511.999998728
/home/users/swmclau2/scratch/UatuTraining/Box194/
511.999998728
/home/users/swmclau2/scratch/UatuTraining/Box195/
511.999998728
/home/users/swmclau2/scratch/UatuTraining/Box196/
511.999998728
/home/users/swmclau2/scratch/UatuTraining/Box197/
511.999998728
/home/users/swmclau2/scratch/UatuTraining/Box198/
511.999998728
/home/users/swmclau2/scratch/UatuTraining/Box199/
511.999998728
/home/users/swmclau2/scratch/UatuTraining/Box200/
511.999998728
/home/users/swmclau2/scratch/UatuTraining/Box201/
511.999998728
/home/users/swmclau2/scratch/UatuTraining/Box202/
511.999998728
/home/users/swmclau2/scratch/UatuTraining/Box203/
511.999998728
/home/users/swmclau2/scratch/UatuTraining/Box204/
511.999998728
/home/users/swmclau2/scratch/UatuTraining/Box205/
511.999998728
/home/users/swmclau2/scratch/UatuTraining/Box206/
511.999998728
/home/users/swmclau2/scratch/UatuTraining/Box207/
511.999998728
/home/users/swmclau2/scratch/UatuTraining/Box208/
511.999998728
/home/users/swmclau2/scratch/UatuTraining/Box209/
511.999998728
/home/users/swmclau2/scratch/UatuTraining/Box210/
511.999998728
/home/users/swmclau2/scratch/UatuTraining/Box211/
511.999998728
/home/users/swmclau2/scratch/UatuTraining/Box212/
511.999998728
/home/users/swmclau2/scratch/UatuTraining/Box213/
511.999998728
/home/users/swmclau2/scratch/UatuTraining/Box214/
511.999998728
/home/users/swmclau2/scratch/UatuTraining/Box215/
511.999998728
/home/users/swmclau2/scratch/UatuTraining/Box216/
511.999998728
/home/users/swmclau2/scratch/UatuTraining/Box217/
511.999998728
/home/users/swmclau2/scratch/UatuTraining/Box218/
511.999998728
/home/users/swmclau2/scratch/UatuTraining/Box219/
511.999998728
/home/users/swmclau2/scratch/UatuTraining/Box220/
511.999998728
/home/users/swmclau2/scratch/UatuTraining/Box221/
511.999998728
/home/users/swmclau2/scratch/UatuTraining/Box222/
511.999998728
/home/users/swmclau2/scratch/UatuTraining/Box223/
511.999998728
/home/users/swmclau2/scratch/UatuTraining/Box224/
511.999998728
/home/users/swmclau2/scratch/UatuTraining/Box225/
511.999998728
/home/users/swmclau2/scratch/UatuTraining/Box226/
511.999998728
/home/users/swmclau2/scratch/UatuTraining/Box227/
511.999998728
/home/users/swmclau2/scratch/UatuTraining/Box228/
511.999998728
/home/users/swmclau2/scratch/UatuTraining/Box229/
511.999998728
/home/users/swmclau2/scratch/UatuTraining/Box230/
511.999998728
/home/users/swmclau2/scratch/UatuTraining/Box231/
511.999998728
/home/users/swmclau2/scratch/UatuTraining/Box232/
511.999998728
/home/users/swmclau2/scratch/UatuTraining/Box233/
511.999998728
/home/users/swmclau2/scratch/UatuTraining/Box234/
511.999998728
/home/users/swmclau2/scratch/UatuTraining/Box235/
511.999998728
/home/users/swmclau2/scratch/UatuTraining/Box236/
511.999998728
/home/users/swmclau2/scratch/UatuTraining/Box237/
511.999998728
/home/users/swmclau2/scratch/UatuTraining/Box238/
511.999998728
/home/users/swmclau2/scratch/UatuTraining/Box239/
511.999998728
/home/users/swmclau2/scratch/UatuTraining/Box240/
511.999998728
/home/users/swmclau2/scratch/UatuTraining/Box241/
511.999998728
/home/users/swmclau2/scratch/UatuTraining/Box242/
511.999998728
/home/users/swmclau2/scratch/UatuTraining/Box243/
511.999998728
/home/users/swmclau2/scratch/UatuTraining/Box244/
511.999998728
/home/users/swmclau2/scratch/UatuTraining/Box245/
511.999998728
/home/users/swmclau2/scratch/UatuTraining/Box246/
511.999998728
/home/users/swmclau2/scratch/UatuTraining/Box247/
511.999998728
/home/users/swmclau2/scratch/UatuTraining/Box248/
511.999998728
/home/users/swmclau2/scratch/UatuTraining/Box249/
511.999998728
/home/users/swmclau2/scratch/UatuTraining/Box250/
511.999998728
/home/users/swmclau2/scratch/UatuTraining/Box251/
511.999998728
/home/users/swmclau2/scratch/UatuTraining/Box252/
511.999998728
/home/users/swmclau2/scratch/UatuTraining/Box253/
511.999998728
/home/users/swmclau2/scratch/UatuTraining/Box254/
511.999998728
/home/users/swmclau2/scratch/UatuTraining/Box255/
511.999998728
/home/users/swmclau2/scratch/UatuTraining/Box256/
511.999998728
/home/users/swmclau2/scratch/UatuTraining/Box257/
511.999998728
/home/users/swmclau2/scratch/UatuTraining/Box258/
511.999998728
/home/users/swmclau2/scratch/UatuTraining/Box259/
511.999998728
/home/users/swmclau2/scratch/UatuTraining/Box260/
511.999998728
/home/users/swmclau2/scratch/UatuTraining/Box261/
511.999998728
/home/users/swmclau2/scratch/UatuTraining/Box262/
511.999998728
/home/users/swmclau2/scratch/UatuTraining/Box263/
511.999998728
/home/users/swmclau2/scratch/UatuTraining/Box264/
511.999998728
/home/users/swmclau2/scratch/UatuTraining/Box265/
511.999998728
/home/users/swmclau2/scratch/UatuTraining/Box266/
511.999998728
/home/users/swmclau2/scratch/UatuTraining/Box267/
511.999998728
/home/users/swmclau2/scratch/UatuTraining/Box268/
511.999998728
/home/users/swmclau2/scratch/UatuTraining/Box269/
511.999998728
/home/users/swmclau2/scratch/UatuTraining/Box270/
511.999998728
/home/users/swmclau2/scratch/UatuTraining/Box271/
511.999998728
/home/users/swmclau2/scratch/UatuTraining/Box272/
511.999998728
/home/users/swmclau2/scratch/UatuTraining/Box273/
511.999998728
/home/users/swmclau2/scratch/UatuTraining/Box274/
511.999998728
/home/users/swmclau2/scratch/UatuTraining/Box275/
511.999998728
/home/users/swmclau2/scratch/UatuTraining/Box276/
511.999998728
/home/users/swmclau2/scratch/UatuTraining/Box277/
511.999998728
/home/users/swmclau2/scratch/UatuTraining/Box278/
511.999998728
/home/users/swmclau2/scratch/UatuTraining/Box279/
511.999998728
/home/users/swmclau2/scratch/UatuTraining/Box280/
511.999998728
/home/users/swmclau2/scratch/UatuTraining/Box281/
511.999998728
/home/users/swmclau2/scratch/UatuTraining/Box282/
511.999998728
/home/users/swmclau2/scratch/UatuTraining/Box283/
511.999998728
/home/users/swmclau2/scratch/UatuTraining/Box284/
511.999998728
/home/users/swmclau2/scratch/UatuTraining/Box285/
511.999998728
/home/users/swmclau2/scratch/UatuTraining/Box286/
511.999998728
/home/users/swmclau2/scratch/UatuTraining/Box287/
511.999998728
/home/users/swmclau2/scratch/UatuTraining/Box288/
511.999998728
/home/users/swmclau2/scratch/UatuTraining/Box289/
511.999998728
/home/users/swmclau2/scratch/UatuTraining/Box290/
511.999998728
/home/users/swmclau2/scratch/UatuTraining/Box291/
511.999998728
/home/users/swmclau2/scratch/UatuTraining/Box292/
511.999998728
/home/users/swmclau2/scratch/UatuTraining/Box293/
511.999998728
/home/users/swmclau2/scratch/UatuTraining/Box294/
511.999998728
/home/users/swmclau2/scratch/UatuTraining/Box295/
511.999998728
/home/users/swmclau2/scratch/UatuTraining/Box296/
511.999998728
/home/users/swmclau2/scratch/UatuTraining/Box297/
511.999998728
/home/users/swmclau2/scratch/UatuTraining/Box298/
511.999998728
/home/users/swmclau2/scratch/UatuTraining/Box299/
511.999998728
/home/users/swmclau2/scratch/UatuTraining/Box300/
511.999998728
/home/users/swmclau2/scratch/UatuTraining/Box301/
511.999998728
/home/users/swmclau2/scratch/UatuTraining/Box302/
511.999998728
/home/users/swmclau2/scratch/UatuTraining/Box303/
511.999998728
/home/users/swmclau2/scratch/UatuTraining/Box304/
511.999998728
/home/users/swmclau2/scratch/UatuTraining/Box305/
511.999998728
/home/users/swmclau2/scratch/UatuTraining/Box306/
511.999998728
/home/users/swmclau2/scratch/UatuTraining/Box307/
511.999998728
/home/users/swmclau2/scratch/UatuTraining/Box308/
511.999998728
/home/users/swmclau2/scratch/UatuTraining/Box309/
511.999998728
/home/users/swmclau2/scratch/UatuTraining/Box310/
511.999998728
/home/users/swmclau2/scratch/UatuTraining/Box311/
511.999998728
/home/users/swmclau2/scratch/UatuTraining/Box312/
511.999998728
/home/users/swmclau2/scratch/UatuTraining/Box313/
511.999998728
/home/users/swmclau2/scratch/UatuTraining/Box314/
511.999998728
/home/users/swmclau2/scratch/UatuTraining/Box315/
511.999998728
/home/users/swmclau2/scratch/UatuTraining/Box316/
511.999998728
/home/users/swmclau2/scratch/UatuTraining/Box317/
511.999998728
/home/users/swmclau2/scratch/UatuTraining/Box318/
511.999998728
/home/users/swmclau2/scratch/UatuTraining/Box319/
511.999998728
/home/users/swmclau2/scratch/UatuTraining/Box320/
511.999998728
/home/users/swmclau2/scratch/UatuTraining/Box321/
511.999998728
/home/users/swmclau2/scratch/UatuTraining/Box322/
511.999998728
/home/users/swmclau2/scratch/UatuTraining/Box323/
511.999998728
/home/users/swmclau2/scratch/UatuTraining/Box324/
511.999998728
/home/users/swmclau2/scratch/UatuTraining/Box325/
511.999998728
/home/users/swmclau2/scratch/UatuTraining/Box326/
511.999998728
/home/users/swmclau2/scratch/UatuTraining/Box327/
511.999998728
/home/users/swmclau2/scratch/UatuTraining/Box328/
511.999998728
/home/users/swmclau2/scratch/UatuTraining/Box329/
511.999998728
/home/users/swmclau2/scratch/UatuTraining/Box330/
511.999998728
/home/users/swmclau2/scratch/UatuTraining/Box331/
511.999998728
/home/users/swmclau2/scratch/UatuTraining/Box332/
511.999998728
/home/users/swmclau2/scratch/UatuTraining/Box333/
511.999998728
/home/users/swmclau2/scratch/UatuTraining/Box334/
511.999998728
/home/users/swmclau2/scratch/UatuTraining/Box335/
511.999998728
/home/users/swmclau2/scratch/UatuTraining/Box336/
511.999998728
/home/users/swmclau2/scratch/UatuTraining/Box337/
511.999998728
/home/users/swmclau2/scratch/UatuTraining/Box338/
511.999998728
/home/users/swmclau2/scratch/UatuTraining/Box339/
511.999998728
/home/users/swmclau2/scratch/UatuTraining/Box340/
511.999998728
/home/users/swmclau2/scratch/UatuTraining/Box341/
511.999998728
/home/users/swmclau2/scratch/UatuTraining/Box342/
511.999998728
/home/users/swmclau2/scratch/UatuTraining/Box343/
511.999998728
/home/users/swmclau2/scratch/UatuTraining/Box344/
511.999998728
/home/users/swmclau2/scratch/UatuTraining/Box345/
511.999998728
/home/users/swmclau2/scratch/UatuTraining/Box346/
511.999998728
/home/users/swmclau2/scratch/UatuTraining/Box347/
511.999998728
/home/users/swmclau2/scratch/UatuTraining/Box348/
511.999998728
/home/users/swmclau2/scratch/UatuTraining/Box349/
511.999998728
/home/users/swmclau2/scratch/UatuTraining/Box350/
511.999998728
/home/users/swmclau2/scratch/UatuTraining/Box351/
511.999998728
/home/users/swmclau2/scratch/UatuTraining/Box352/
511.999998728
/home/users/swmclau2/scratch/UatuTraining/Box353/
511.999998728
/home/users/swmclau2/scratch/UatuTraining/Box354/
511.999998728
/home/users/swmclau2/scratch/UatuTraining/Box355/
511.999998728
/home/users/swmclau2/scratch/UatuTraining/Box356/
511.999998728
/home/users/swmclau2/scratch/UatuTraining/Box357/
511.999998728
/home/users/swmclau2/scratch/UatuTraining/Box358/
511.999998728
/home/users/swmclau2/scratch/UatuTraining/Box359/
511.999998728
/home/users/swmclau2/scratch/UatuTraining/Box360/
511.999998728
/home/users/swmclau2/scratch/UatuTraining/Box361/
511.999998728
/home/users/swmclau2/scratch/UatuTraining/Box362/
511.999998728
/home/users/swmclau2/scratch/UatuTraining/Box363/
511.999998728
/home/users/swmclau2/scratch/UatuTraining/Box364/
511.999998728
/home/users/swmclau2/scratch/UatuTraining/Box365/
511.999998728
/home/users/swmclau2/scratch/UatuTraining/Box366/
511.999998728
/home/users/swmclau2/scratch/UatuTraining/Box367/
511.999998728
/home/users/swmclau2/scratch/UatuTraining/Box368/
511.999998728
/home/users/swmclau2/scratch/UatuTraining/Box369/
511.999998728
/home/users/swmclau2/scratch/UatuTraining/Box370/
511.999998728
/home/users/swmclau2/scratch/UatuTraining/Box371/
511.999998728
/home/users/swmclau2/scratch/UatuTraining/Box372/
511.999998728
/home/users/swmclau2/scratch/UatuTraining/Box373/
511.999998728
/home/users/swmclau2/scratch/UatuTraining/Box374/
511.999998728
/home/users/swmclau2/scratch/UatuTraining/Box375/
511.999998728
/home/users/swmclau2/scratch/UatuTraining/Box376/
511.999998728
/home/users/swmclau2/scratch/UatuTraining/Box377/
511.999998728
/home/users/swmclau2/scratch/UatuTraining/Box378/
511.999998728
/home/users/swmclau2/scratch/UatuTraining/Box379/
511.999998728
/home/users/swmclau2/scratch/UatuTraining/Box380/
511.999998728
/home/users/swmclau2/scratch/UatuTraining/Box381/
511.999998728
/home/users/swmclau2/scratch/UatuTraining/Box382/
511.999998728
/home/users/swmclau2/scratch/UatuTraining/Box383/
511.999998728
/home/users/swmclau2/scratch/UatuTraining/Box384/
511.999998728
/home/users/swmclau2/scratch/UatuTraining/Box385/
511.999998728
/home/users/swmclau2/scratch/UatuTraining/Box386/
511.999998728
/home/users/swmclau2/scratch/UatuTraining/Box387/
511.999998728
/home/users/swmclau2/scratch/UatuTraining/Box388/
511.999998728
/home/users/swmclau2/scratch/UatuTraining/Box389/
511.999998728
/home/users/swmclau2/scratch/UatuTraining/Box390/
511.999998728
/home/users/swmclau2/scratch/UatuTraining/Box391/
511.999998728
/home/users/swmclau2/scratch/UatuTraining/Box392/
511.999998728
/home/users/swmclau2/scratch/UatuTraining/Box393/
511.999998728
/home/users/swmclau2/scratch/UatuTraining/Box394/
511.999998728
/home/users/swmclau2/scratch/UatuTraining/Box395/
511.999998728
/home/users/swmclau2/scratch/UatuTraining/Box396/
511.999998728
/home/users/swmclau2/scratch/UatuTraining/Box397/
511.999998728
/home/users/swmclau2/scratch/UatuTraining/Box398/
511.999998728
/home/users/swmclau2/scratch/UatuTraining/Box399/
511.999998728
/home/users/swmclau2/scratch/UatuTraining/Box400/
511.999998728
/home/users/swmclau2/scratch/UatuTraining/Box401/
511.999998728
/home/users/swmclau2/scratch/UatuTraining/Box402/
511.999998728
/home/users/swmclau2/scratch/UatuTraining/Box403/
511.999998728
/home/users/swmclau2/scratch/UatuTraining/Box404/
511.999998728
/home/users/swmclau2/scratch/UatuTraining/Box405/
511.999998728
/home/users/swmclau2/scratch/UatuTraining/Box406/
511.999998728
/home/users/swmclau2/scratch/UatuTraining/Box407/
511.999998728
/home/users/swmclau2/scratch/UatuTraining/Box408/
511.999998728
/home/users/swmclau2/scratch/UatuTraining/Box409/
511.999998728
/home/users/swmclau2/scratch/UatuTraining/Box410/
511.999998728
/home/users/swmclau2/scratch/UatuTraining/Box411/
511.999998728
/home/users/swmclau2/scratch/UatuTraining/Box412/
511.999998728
/home/users/swmclau2/scratch/UatuTraining/Box413/
511.999998728
/home/users/swmclau2/scratch/UatuTraining/Box414/
511.999998728
/home/users/swmclau2/scratch/UatuTraining/Box415/
511.999998728
/home/users/swmclau2/scratch/UatuTraining/Box416/
511.999998728
/home/users/swmclau2/scratch/UatuTraining/Box417/
511.999998728
/home/users/swmclau2/scratch/UatuTraining/Box418/
511.999998728
/home/users/swmclau2/scratch/UatuTraining/Box419/
511.999998728
/home/users/swmclau2/scratch/UatuTraining/Box420/
511.999998728
/home/users/swmclau2/scratch/UatuTraining/Box421/
511.999998728
/home/users/swmclau2/scratch/UatuTraining/Box422/
511.999998728
/home/users/swmclau2/scratch/UatuTraining/Box423/
511.999998728
/home/users/swmclau2/scratch/UatuTraining/Box424/
511.999998728
/home/users/swmclau2/scratch/UatuTraining/Box425/
511.999998728
/home/users/swmclau2/scratch/UatuTraining/Box426/
511.999998728
/home/users/swmclau2/scratch/UatuTraining/Box427/
511.999998728
/home/users/swmclau2/scratch/UatuTraining/Box428/
511.999998728
/home/users/swmclau2/scratch/UatuTraining/Box429/
511.999998728
/home/users/swmclau2/scratch/UatuTraining/Box430/
511.999998728
/home/users/swmclau2/scratch/UatuTraining/Box431/
511.999998728
/home/users/swmclau2/scratch/UatuTraining/Box432/
511.999998728
/home/users/swmclau2/scratch/UatuTraining/Box433/
511.999998728
/home/users/swmclau2/scratch/UatuTraining/Box434/
511.999998728
/home/users/swmclau2/scratch/UatuTraining/Box435/
511.999998728
/home/users/swmclau2/scratch/UatuTraining/Box436/
511.999998728
/home/users/swmclau2/scratch/UatuTraining/Box437/
511.999998728
/home/users/swmclau2/scratch/UatuTraining/Box438/
511.999998728
/home/users/swmclau2/scratch/UatuTraining/Box439/
511.999998728
/home/users/swmclau2/scratch/UatuTraining/Box440/
511.999998728
/home/users/swmclau2/scratch/UatuTraining/Box441/
511.999998728
/home/users/swmclau2/scratch/UatuTraining/Box442/
511.999998728
/home/users/swmclau2/scratch/UatuTraining/Box443/
511.999998728
/home/users/swmclau2/scratch/UatuTraining/Box444/
511.999998728
/home/users/swmclau2/scratch/UatuTraining/Box445/
511.999998728
/home/users/swmclau2/scratch/UatuTraining/Box446/
511.999998728
/home/users/swmclau2/scratch/UatuTraining/Box447/
511.999998728
/home/users/swmclau2/scratch/UatuTraining/Box448/
511.999998728
/home/users/swmclau2/scratch/UatuTraining/Box449/
511.999998728
/home/users/swmclau2/scratch/UatuTraining/Box450/
511.999998728
/home/users/swmclau2/scratch/UatuTraining/Box451/
511.999998728
/home/users/swmclau2/scratch/UatuTraining/Box452/
511.999998728
/home/users/swmclau2/scratch/UatuTraining/Box453/
511.999998728
/home/users/swmclau2/scratch/UatuTraining/Box454/
511.999998728
/home/users/swmclau2/scratch/UatuTraining/Box455/
511.999998728
/home/users/swmclau2/scratch/UatuTraining/Box456/
511.999998728
/home/users/swmclau2/scratch/UatuTraining/Box457/
511.999998728
/home/users/swmclau2/scratch/UatuTraining/Box458/
511.999998728
/home/users/swmclau2/scratch/UatuTraining/Box459/
511.999998728
/home/users/swmclau2/scratch/UatuTraining/Box460/
511.999998728
/home/users/swmclau2/scratch/UatuTraining/Box461/
511.999998728
/home/users/swmclau2/scratch/UatuTraining/Box462/
511.999998728
/home/users/swmclau2/scratch/UatuTraining/Box463/
511.999998728
/home/users/swmclau2/scratch/UatuTraining/Box464/
511.999998728
/home/users/swmclau2/scratch/UatuTraining/Box465/
511.999998728
/home/users/swmclau2/scratch/UatuTraining/Box466/
511.999998728
/home/users/swmclau2/scratch/UatuTraining/Box467/
511.999998728
/home/users/swmclau2/scratch/UatuTraining/Box468/
511.999998728
/home/users/swmclau2/scratch/UatuTraining/Box469/
511.999998728
/home/users/swmclau2/scratch/UatuTraining/Box470/
511.999998728
/home/users/swmclau2/scratch/UatuTraining/Box471/
511.999998728
/home/users/swmclau2/scratch/UatuTraining/Box472/
511.999998728
/home/users/swmclau2/scratch/UatuTraining/Box473/
511.999998728
/home/users/swmclau2/scratch/UatuTraining/Box474/
511.999998728
/home/users/swmclau2/scratch/UatuTraining/Box475/
511.999998728
/home/users/swmclau2/scratch/UatuTraining/Box476/
511.999998728
/home/users/swmclau2/scratch/UatuTraining/Box477/
511.999998728
/home/users/swmclau2/scratch/UatuTraining/Box478/
511.999998728
/home/users/swmclau2/scratch/UatuTraining/Box479/
511.999998728
/home/users/swmclau2/scratch/UatuTraining/Box480/
511.999998728
/home/users/swmclau2/scratch/UatuTraining/Box481/
511.999998728
/home/users/swmclau2/scratch/UatuTraining/Box482/
511.999998728
/home/users/swmclau2/scratch/UatuTraining/Box483/
511.999998728
/home/users/swmclau2/scratch/UatuTraining/Box484/
511.999998728
/home/users/swmclau2/scratch/UatuTraining/Box485/
511.999998728
/home/users/swmclau2/scratch/UatuTraining/Box486/
511.999998728
/home/users/swmclau2/scratch/UatuTraining/Box487/
511.999998728
/home/users/swmclau2/scratch/UatuTraining/Box488/
511.999998728
/home/users/swmclau2/scratch/UatuTraining/Box489/
511.999998728
/home/users/swmclau2/scratch/UatuTraining/Box490/
511.999998728
/home/users/swmclau2/scratch/UatuTraining/Box491/
511.999998728
/home/users/swmclau2/scratch/UatuTraining/Box492/
511.999998728
/home/users/swmclau2/scratch/UatuTraining/Box493/
511.999998728
/home/users/swmclau2/scratch/UatuTraining/Box494/
511.999998728
/home/users/swmclau2/scratch/UatuTraining/Box495/
511.999998728
/home/users/swmclau2/scratch/UatuTraining/Box496/
511.999998728
/home/users/swmclau2/scratch/UatuTraining/Box497/
511.999998728
/home/users/swmclau2/scratch/UatuTraining/Box498/
511.999998728
/home/users/swmclau2/scratch/UatuTraining/Box499/
511.999998728
