
The following have been reloaded with a version change:
  1) openmpi/2.0.2 => openmpi/4.0.1

-------------------------------------------------------------------------------
There are messages associated with the following module(s):
-------------------------------------------------------------------------------

py-tensorflow/1.9.0_py27:
    Warning: this module requires a GPU, it won't work on CPU nodes.

-------------------------------------------------------------------------------


The following have been reloaded with a version change:
  1) cuda/10.1.168 => cuda/9.0.176


The following have been reloaded with a version change:
  1) openmpi/4.0.1 => openmpi/2.1.1

-------------------------------------------------------------------------------
There are messages associated with the following module(s):
-------------------------------------------------------------------------------

py-scipystack/1.0_py27:
    The SciPy Stack module is deprecated. Please use those individual
    modules instead: py-scipy, py-numpy, py-matplotlib, py-pandas, py-sympy

-------------------------------------------------------------------------------

RuntimeError: module compiled against API version 0xc but this version of numpy is 0xa
RuntimeError: module compiled against API version 0xc but this version of numpy is 0xa
2019-10-30 08:19:45.496546: I tensorflow/core/platform/cpu_feature_guard.cc:141] Your CPU supports instructions that this TensorFlow binary was not compiled to use: AVX2 FMA
2019-10-30 08:19:45.646129: I tensorflow/core/common_runtime/gpu/gpu_device.cc:1392] Found device 0 with properties: 
name: GeForce GTX TITAN X major: 5 minor: 2 memoryClockRate(GHz): 1.076
pciBusID: 0000:04:00.0
totalMemory: 11.93GiB freeMemory: 11.82GiB
2019-10-30 08:19:45.733133: I tensorflow/core/common_runtime/gpu/gpu_device.cc:1392] Found device 1 with properties: 
name: GeForce GTX TITAN X major: 5 minor: 2 memoryClockRate(GHz): 1.076
pciBusID: 0000:05:00.0
totalMemory: 11.93GiB freeMemory: 11.82GiB
2019-10-30 08:19:45.733570: I tensorflow/core/common_runtime/gpu/gpu_device.cc:1471] Adding visible gpu devices: 0, 1
2019-10-30 08:19:50.948471: I tensorflow/core/common_runtime/gpu/gpu_device.cc:952] Device interconnect StreamExecutor with strength 1 edge matrix:
2019-10-30 08:19:50.948521: I tensorflow/core/common_runtime/gpu/gpu_device.cc:958]      0 1 
2019-10-30 08:19:50.948529: I tensorflow/core/common_runtime/gpu/gpu_device.cc:971] 0:   N Y 
2019-10-30 08:19:50.948534: I tensorflow/core/common_runtime/gpu/gpu_device.cc:971] 1:   Y N 
2019-10-30 08:19:50.948858: I tensorflow/core/common_runtime/gpu/gpu_device.cc:1084] Created TensorFlow device (/job:localhost/replica:0/task:0/device:GPU:0 with 11440 MB memory) -> physical GPU (device: 0, name: GeForce GTX TITAN X, pci bus id: 0000:04:00.0, compute capability: 5.2)
2019-10-30 08:19:51.127291: I tensorflow/core/common_runtime/gpu/gpu_device.cc:1084] Created TensorFlow device (/job:localhost/replica:0/task:0/device:GPU:1 with 11440 MB memory) -> physical GPU (device: 1, name: GeForce GTX TITAN X, pci bus id: 0000:05:00.0, compute capability: 5.2)
False
A
B
Starting epoch 0
Iteration 0, loss = 36.8320
Om: 82.36%, s8: 97.30% accuracy
RMSE: 0.2470, 0.8415

Iteration 10, loss = 5.5950
Iteration 20, loss = 3.5623
Iteration 30, loss = 3.2706
Iteration 40, loss = 2.8058
Iteration 50, loss = 2.3815
Iteration 60, loss = 3.9873
Iteration 70, loss = 2.1734
Iteration 80, loss = 2.9383
Iteration 90, loss = 3.1237
Iteration 100, loss = 2.6955
Iteration 110, loss = 2.4378
Iteration 120, loss = 2.6645
Iteration 130, loss = 2.5685
Iteration 140, loss = 3.3398
Iteration 150, loss = 2.4871
Iteration 160, loss = 3.1491
Iteration 170, loss = 2.1154
Iteration 180, loss = 2.5445
Iteration 190, loss = 2.6282
Iteration 200, loss = 3.0300
Iteration 210, loss = 3.1523
Iteration 220, loss = 3.1326
Iteration 230, loss = 2.7603
Iteration 240, loss = 2.6440
Iteration 250, loss = 2.9808
Iteration 260, loss = 2.3163
Iteration 270, loss = 2.8169
Iteration 280, loss = 2.0980
Iteration 290, loss = 2.3577
Iteration 300, loss = 2.3809
Iteration 310, loss = 2.7875
Iteration 320, loss = 3.1398
Iteration 330, loss = 2.5976
Iteration 340, loss = 2.5056
Iteration 350, loss = 2.5358
Iteration 360, loss = 3.0879
Iteration 370, loss = 2.5639
Iteration 380, loss = 3.0856
Iteration 390, loss = 3.3376
Iteration 400, loss = 2.4425
Iteration 410, loss = 2.1310
Iteration 420, loss = 2.3829
Iteration 430, loss = 3.5662
Iteration 440, loss = 3.0428
Iteration 450, loss = 2.6005
Iteration 460, loss = 2.5288
Iteration 470, loss = 2.4011
Iteration 480, loss = 2.5599
Iteration 490, loss = 2.6482
Iteration 500, loss = 2.4320
Iteration 510, loss = 2.6156
Iteration 520, loss = 2.5965
Iteration 530, loss = 2.7891
Iteration 540, loss = 2.5364
Iteration 550, loss = 2.5890
Iteration 560, loss = 3.2490
Iteration 570, loss = 2.5194
Iteration 580, loss = 3.1419
Iteration 590, loss = 2.5361
Iteration 600, loss = 2.3059
Iteration 610, loss = 2.5038
Iteration 620, loss = 3.0091
Iteration 630, loss = 3.0555
Iteration 640, loss = 2.6980
Iteration 650, loss = 2.5793
Iteration 660, loss = 2.6452
Iteration 670, loss = 2.4650
Iteration 680, loss = 2.8233
Iteration 690, loss = 2.6672
Iteration 700, loss = 1.9359
Iteration 710, loss = 3.5269
Iteration 720, loss = 5.0949
Iteration 730, loss = 2.9319
Iteration 740, loss = 2.5932
Iteration 750, loss = 2.6910
Iteration 760, loss = 2.0935
Iteration 770, loss = 2.4840
Iteration 780, loss = 2.5194
Iteration 790, loss = 3.1978
Iteration 800, loss = 2.5274
Iteration 810, loss = 2.5030
Iteration 820, loss = 2.0423
Iteration 830, loss = 2.9670
Iteration 840, loss = 2.8433
Iteration 850, loss = 2.7929
Iteration 860, loss = 2.6055
Iteration 870, loss = 2.1280
Iteration 880, loss = 2.2836
Iteration 890, loss = 2.2929
Iteration 900, loss = 2.5313
Iteration 910, loss = 2.3988
Iteration 920, loss = 2.5573
Iteration 930, loss = 2.7592
Iteration 940, loss = 3.3776
Iteration 950, loss = 3.5347
Iteration 960, loss = 3.0177
Iteration 970, loss = 2.5625
Iteration 980, loss = 2.6403
Iteration 990, loss = 2.8726
Iteration 1000, loss = 2.9263
Om: 8.71%, s8: 6.14% accuracy
RMSE: 0.0335, 0.0642

Iteration 1010, loss = 2.9434
Iteration 1020, loss = 2.2855
Iteration 1030, loss = 2.4985
Iteration 1040, loss = 2.5752
Iteration 1050, loss = 2.3342
Iteration 1060, loss = 2.6981
Iteration 1070, loss = 2.8635
Iteration 1080, loss = 1.9259
Iteration 1090, loss = 2.8455
Iteration 1100, loss = 2.4726
Iteration 1110, loss = 2.7394
Iteration 1120, loss = 2.6017
Iteration 1130, loss = 2.3326
Iteration 1140, loss = 2.4841
Iteration 1150, loss = 2.8700
Iteration 1160, loss = 2.5238
Iteration 1170, loss = 2.8148
Iteration 1180, loss = 2.1342
Iteration 1190, loss = 2.7774
Iteration 1200, loss = 2.1321
Iteration 1210, loss = 2.4533
Iteration 1220, loss = 2.8127
Iteration 1230, loss = 2.6203
Iteration 1240, loss = 2.2511
Iteration 1250, loss = 2.8254
Iteration 1260, loss = 2.6313
Iteration 1270, loss = 3.0535
Iteration 1280, loss = 2.0880
Iteration 1290, loss = 2.6714
Iteration 1300, loss = 2.7744
Iteration 1310, loss = 2.8630
Iteration 1320, loss = 2.4510
Iteration 1330, loss = 2.9463
Iteration 1340, loss = 2.9930
Iteration 1350, loss = 2.3141
Iteration 1360, loss = 2.7699
Iteration 1370, loss = 2.7808
Iteration 1380, loss = 2.7985
Iteration 1390, loss = 2.9543
Iteration 1400, loss = 2.4207
Iteration 1410, loss = 3.1607
Iteration 1420, loss = 2.5642
Iteration 1430, loss = 2.9607
Iteration 1440, loss = 2.6546
Starting epoch 1
Iteration 1450, loss = 2.5266
Iteration 1460, loss = 2.2730
Iteration 1470, loss = 2.4188
Iteration 1480, loss = 2.9423
Iteration 1490, loss = 2.1037
Iteration 1500, loss = 2.4498
Iteration 1510, loss = 2.6282
Iteration 1520, loss = 2.2803
Iteration 1530, loss = 2.6307
Iteration 1540, loss = 2.3957
Iteration 1550, loss = 2.2314
Iteration 1560, loss = 2.3771
Iteration 1570, loss = 2.6246
Iteration 1580, loss = 2.9642
Iteration 1590, loss = 3.0606
Iteration 1600, loss = 3.4741
Iteration 1610, loss = 3.1148
Iteration 1620, loss = 2.3815
Iteration 1630, loss = 2.7871
Iteration 1640, loss = 2.7841
Iteration 1650, loss = 2.9728
Iteration 1660, loss = 3.7513
Iteration 1670, loss = 2.5157
Iteration 1680, loss = 3.1415
Iteration 1690, loss = 2.9955
Iteration 1700, loss = 2.9264
Iteration 1710, loss = 2.7571
Iteration 1720, loss = 2.3847
Iteration 1730, loss = 2.6024
Iteration 1740, loss = 2.9833
Iteration 1750, loss = 2.5627
Iteration 1760, loss = 3.2225
Iteration 1770, loss = 3.0595
Iteration 1780, loss = 2.6598
Iteration 1790, loss = 2.7183
Iteration 1800, loss = 2.5480
Iteration 1810, loss = 1.9554
Iteration 1820, loss = 2.6846
Iteration 1830, loss = 2.5307
Iteration 1840, loss = 2.4302
Iteration 1850, loss = 3.0101
Iteration 1860, loss = 2.4903
Iteration 1870, loss = 2.1596
Iteration 1880, loss = 3.8531
Iteration 1890, loss = 2.4875
Iteration 1900, loss = 3.7380
Iteration 1910, loss = 2.8355
Iteration 1920, loss = 2.2450
Iteration 1930, loss = 3.1032
Iteration 1940, loss = 2.8330
Iteration 1950, loss = 2.1341
Iteration 1960, loss = 2.7264
Iteration 1970, loss = 2.6224
Iteration 1980, loss = 2.2399
Iteration 1990, loss = 2.5973
Iteration 2000, loss = 2.7567
Om: 7.69%, s8: 5.76% accuracy
RMSE: 0.0271, 0.0583

Iteration 2010, loss = 2.1514
Iteration 2020, loss = 2.8529
Iteration 2030, loss = 2.7935
Iteration 2040, loss = 2.0724
Iteration 2050, loss = 2.0948
Iteration 2060, loss = 3.0674
Iteration 2070, loss = 2.7912
Iteration 2080, loss = 2.2215
Iteration 2090, loss = 2.5157
Iteration 2100, loss = 2.0071
Iteration 2110, loss = 2.3280
Iteration 2120, loss = 2.4552
Iteration 2130, loss = 2.3632
Iteration 2140, loss = 2.8118
Iteration 2150, loss = 2.6421
Iteration 2160, loss = 2.4606
Iteration 2170, loss = 2.5114
Iteration 2180, loss = 2.0802
Iteration 2190, loss = 2.2027
Iteration 2200, loss = 2.4220
Iteration 2210, loss = 2.8464
Iteration 2220, loss = 2.5867
Iteration 2230, loss = 2.3363
Iteration 2240, loss = 2.4890
Iteration 2250, loss = 2.1430
Iteration 2260, loss = 2.2629
Iteration 2270, loss = 2.0459
Iteration 2280, loss = 2.4533
Iteration 2290, loss = 2.9657
Iteration 2300, loss = 2.7625
Iteration 2310, loss = 2.9624
Iteration 2320, loss = 2.7684
Iteration 2330, loss = 2.9690
Iteration 2340, loss = 2.4098
Iteration 2350, loss = 2.8738
Iteration 2360, loss = 2.5375
Iteration 2370, loss = 2.7309
Iteration 2380, loss = 2.4553
Iteration 2390, loss = 2.7266
Iteration 2400, loss = 2.4324
Iteration 2410, loss = 2.4458
Iteration 2420, loss = 2.3916
Iteration 2430, loss = 2.7522
Iteration 2440, loss = 2.7446
Iteration 2450, loss = 2.7086
Iteration 2460, loss = 3.2168
Iteration 2470, loss = 2.7302
Iteration 2480, loss = 3.0201
Iteration 2490, loss = 2.6236
Iteration 2500, loss = 2.4664
Iteration 2510, loss = 2.0533
Iteration 2520, loss = 2.2910
Iteration 2530, loss = 2.8575
Iteration 2540, loss = 2.0632
Iteration 2550, loss = 2.7380
Iteration 2560, loss = 2.4607
Iteration 2570, loss = 3.0705
Iteration 2580, loss = 2.6204
Iteration 2590, loss = 2.8196
Iteration 2600, loss = 3.3554
Iteration 2610, loss = 2.0600
Iteration 2620, loss = 2.3491
Iteration 2630, loss = 2.6005
Iteration 2640, loss = 2.6003
Iteration 2650, loss = 2.4121
Iteration 2660, loss = 3.3411
Iteration 2670, loss = 2.6648
Iteration 2680, loss = 3.1991
Iteration 2690, loss = 2.5481
Iteration 2700, loss = 2.1485
Iteration 2710, loss = 2.9168
Iteration 2720, loss = 3.1485
Iteration 2730, loss = 2.5201
Iteration 2740, loss = 2.8419
Iteration 2750, loss = 2.3721
Iteration 2760, loss = 1.9527
Iteration 2770, loss = 2.5162
Iteration 2780, loss = 2.8588
Iteration 2790, loss = 2.1456
Iteration 2800, loss = 2.8325
Iteration 2810, loss = 2.0951
Iteration 2820, loss = 2.7708
Iteration 2830, loss = 2.8572
Iteration 2840, loss = 2.4497
Iteration 2850, loss = 3.1200
Iteration 2860, loss = 2.6044
Iteration 2870, loss = 2.7692
Iteration 2880, loss = 2.3211
Starting epoch 2
Iteration 2890, loss = 2.9271
Iteration 2900, loss = 2.8492
Iteration 2910, loss = 2.4980
Iteration 2920, loss = 2.5593
Iteration 2930, loss = 2.8339
Iteration 2940, loss = 3.0537
Iteration 2950, loss = 3.1728
Iteration 2960, loss = 2.3695
Iteration 2970, loss = 2.3933
Iteration 2980, loss = 2.5576
Iteration 2990, loss = 2.7654
Iteration 3000, loss = 2.6777
Om: 7.36%, s8: 5.66% accuracy
RMSE: 0.0258, 0.0568

Iteration 3010, loss = 2.6247
Iteration 3020, loss = 2.6553
Iteration 3030, loss = 2.8197
Iteration 3040, loss = 2.9488
Iteration 3050, loss = 2.6688
Iteration 3060, loss = 2.0929
Iteration 3070, loss = 2.5508
Iteration 3080, loss = 2.5343
Iteration 3090, loss = 2.8499
Iteration 3100, loss = 2.8902
Iteration 3110, loss = 2.8984
Iteration 3120, loss = 2.7344
Iteration 3130, loss = 2.6133
Iteration 3140, loss = 2.3598
Iteration 3150, loss = 2.7189
Iteration 3160, loss = 2.9508
Iteration 3170, loss = 2.1650
Iteration 3180, loss = 2.2458
Iteration 3190, loss = 2.2118
Iteration 3200, loss = 2.7451
Iteration 3210, loss = 2.2669
Iteration 3220, loss = 2.4818
Iteration 3230, loss = 2.6429
Iteration 3240, loss = 2.6843
Iteration 3250, loss = 2.8368
Iteration 3260, loss = 3.0642
Iteration 3270, loss = 2.9444
Iteration 3280, loss = 3.0099
Iteration 3290, loss = 2.8449
Iteration 3300, loss = 2.2087
Iteration 3310, loss = 2.3474
Iteration 3320, loss = 2.6552
Iteration 3330, loss = 3.0090
Iteration 3340, loss = 2.7296
Iteration 3350, loss = 2.0931
Iteration 3360, loss = 2.7083
Iteration 3370, loss = 2.6120
Iteration 3380, loss = 2.3668
Iteration 3390, loss = 2.1244
Iteration 3400, loss = 2.6510
Iteration 3410, loss = 2.5116
Iteration 3420, loss = 2.8210
Iteration 3430, loss = 2.5494
Iteration 3440, loss = 2.5548
Iteration 3450, loss = 2.9756
Iteration 3460, loss = 2.5477
Iteration 3470, loss = 3.2504
Iteration 3480, loss = 2.6049
Iteration 3490, loss = 2.2653
Iteration 3500, loss = 2.4632
Iteration 3510, loss = 2.5721
Iteration 3520, loss = 3.4669
Iteration 3530, loss = 2.8801
Iteration 3540, loss = 2.5765
Iteration 3550, loss = 2.7129
Iteration 3560, loss = 2.4502
Iteration 3570, loss = 2.8126
Iteration 3580, loss = 2.5115
Iteration 3590, loss = 1.8445
Iteration 3600, loss = 2.6074
Iteration 3610, loss = 3.0448
Iteration 3620, loss = 2.8232
Iteration 3630, loss = 2.5403
Iteration 3640, loss = 2.7244
Iteration 3650, loss = 2.2474
Iteration 3660, loss = 2.1574
Iteration 3670, loss = 2.6513
Iteration 3680, loss = 3.0516
Iteration 3690, loss = 2.5826
Iteration 3700, loss = 2.5201
Iteration 3710, loss = 2.0536
Iteration 3720, loss = 2.9925
Iteration 3730, loss = 2.6963
Iteration 3740, loss = 2.6201
Iteration 3750, loss = 2.4588
Iteration 3760, loss = 1.8041
Iteration 3770, loss = 2.3981
Iteration 3780, loss = 2.5754
Iteration 3790, loss = 2.6245
Iteration 3800, loss = 2.3629
Iteration 3810, loss = 2.3250
Iteration 3820, loss = 2.7698
Iteration 3830, loss = 3.2504
Iteration 3840, loss = 2.4536
Iteration 3850, loss = 2.5078
Iteration 3860, loss = 2.4741
Iteration 3870, loss = 2.2799
Iteration 3880, loss = 2.8413
Iteration 3890, loss = 2.4232
Iteration 3900, loss = 2.5812
Iteration 3910, loss = 2.4424
Iteration 3920, loss = 2.3075
Iteration 3930, loss = 2.1736
Iteration 3940, loss = 2.3114
Iteration 3950, loss = 2.6777
Iteration 3960, loss = 2.5376
Iteration 3970, loss = 2.0687
Iteration 3980, loss = 2.6184
Iteration 3990, loss = 2.3077
Iteration 4000, loss = 3.1265
Om: 7.77%, s8: 5.87% accuracy
RMSE: 0.0268, 0.0600

Iteration 4010, loss = 2.2202
Iteration 4020, loss = 2.4449
Iteration 4030, loss = 2.7592
Iteration 4040, loss = 3.0017
Iteration 4050, loss = 2.3656
Iteration 4060, loss = 3.1340
Iteration 4070, loss = 2.1450
Iteration 4080, loss = 2.7917
Iteration 4090, loss = 2.2133
Iteration 4100, loss = 2.4004
Iteration 4110, loss = 2.6509
Iteration 4120, loss = 2.9060
Iteration 4130, loss = 2.3301
Iteration 4140, loss = 2.2936
Iteration 4150, loss = 2.2819
Iteration 4160, loss = 2.9962
Iteration 4170, loss = 2.3866
Iteration 4180, loss = 3.2273
Iteration 4190, loss = 2.6568
Iteration 4200, loss = 2.8762
Iteration 4210, loss = 2.4324
Iteration 4220, loss = 2.3049
Iteration 4230, loss = 2.5868
Iteration 4240, loss = 2.5344
Iteration 4250, loss = 2.6639
Iteration 4260, loss = 2.7569
Iteration 4270, loss = 2.7815
Iteration 4280, loss = 2.7466
Iteration 4290, loss = 2.0329
Iteration 4300, loss = 3.1984
Iteration 4310, loss = 2.5428
Iteration 4320, loss = 2.9308
Iteration 4330, loss = 2.6449
Starting epoch 3
Iteration 4340, loss = 2.5424
Iteration 4350, loss = 2.2926
Iteration 4360, loss = 2.4361
Iteration 4370, loss = 2.6216
Iteration 4380, loss = 1.9124
Iteration 4390, loss = 2.4169
Iteration 4400, loss = 2.6398
Iteration 4410, loss = 2.3906
Iteration 4420, loss = 2.5321
Iteration 4430, loss = 2.4746
Iteration 4440, loss = 2.2182
Iteration 4450, loss = 2.9141
Iteration 4460, loss = 2.5136
Iteration 4470, loss = 2.9068
Iteration 4480, loss = 2.7472
Iteration 4490, loss = 2.7416
Iteration 4500, loss = 3.0478
Iteration 4510, loss = 2.4146
Iteration 4520, loss = 3.0084
Iteration 4530, loss = 2.6473
Iteration 4540, loss = 3.2793
Iteration 4550, loss = 2.9385
Iteration 4560, loss = 2.7399
Iteration 4570, loss = 3.2593
Iteration 4580, loss = 3.0376
Iteration 4590, loss = 3.0865
Iteration 4600, loss = 3.7601
Iteration 4610, loss = 2.4688
Iteration 4620, loss = 2.8381
Iteration 4630, loss = 3.0607
Iteration 4640, loss = 2.6030
Iteration 4650, loss = 3.4012
Iteration 4660, loss = 2.9898
Iteration 4670, loss = 2.7249
Iteration 4680, loss = 2.7116
Iteration 4690, loss = 2.4377
Iteration 4700, loss = 2.0689
Iteration 4710, loss = 2.7082
Iteration 4720, loss = 2.7611
Iteration 4730, loss = 2.4932
Iteration 4740, loss = 3.0143
Iteration 4750, loss = 2.4761
Iteration 4760, loss = 2.1064
Iteration 4770, loss = 3.1603
Iteration 4780, loss = 2.1260
Iteration 4790, loss = 3.5708
Iteration 4800, loss = 2.7524
Iteration 4810, loss = 2.2614
Iteration 4820, loss = 2.9980
Iteration 4830, loss = 2.6444
Iteration 4840, loss = 2.4242
Iteration 4850, loss = 2.7559
Iteration 4860, loss = 2.6696
Iteration 4870, loss = 2.2449
Iteration 4880, loss = 2.4734
Iteration 4890, loss = 2.7252
Iteration 4900, loss = 2.2126
Iteration 4910, loss = 2.9453
Iteration 4920, loss = 2.5880
Iteration 4930, loss = 2.0818
Iteration 4940, loss = 2.0783
Iteration 4950, loss = 2.8688
Iteration 4960, loss = 3.0093
Iteration 4970, loss = 2.3057
Iteration 4980, loss = 2.4619
Iteration 4990, loss = 1.9893
Iteration 5000, loss = 2.2558
Om: 7.54%, s8: 6.02% accuracy
RMSE: 0.0262, 0.0620

Iteration 5010, loss = 2.3417
Iteration 5020, loss = 2.3477
Iteration 5030, loss = 2.8970
Iteration 5040, loss = 2.5534
Iteration 5050, loss = 2.2584
Iteration 5060, loss = 2.5271
Iteration 5070, loss = 2.0830
Iteration 5080, loss = 2.1941
Iteration 5090, loss = 2.4212
Iteration 5100, loss = 2.8253
Iteration 5110, loss = 2.5451
Iteration 5120, loss = 2.3557
Iteration 5130, loss = 2.4704
Iteration 5140, loss = 2.1627
Iteration 5150, loss = 2.3321
Iteration 5160, loss = 2.2269
Iteration 5170, loss = 2.5961
Iteration 5180, loss = 3.1414
Iteration 5190, loss = 3.1088
Iteration 5200, loss = 2.8909
Iteration 5210, loss = 2.7015
Iteration 5220, loss = 2.9643
Iteration 5230, loss = 2.7925
Iteration 5240, loss = 2.9666
Iteration 5250, loss = 2.5699
Iteration 5260, loss = 2.6786
Iteration 5270, loss = 2.6157
Iteration 5280, loss = 2.5075
Iteration 5290, loss = 2.6064
Iteration 5300, loss = 2.3937
Iteration 5310, loss = 2.9867
Iteration 5320, loss = 2.6512
Iteration 5330, loss = 3.2538
Iteration 5340, loss = 2.1850
Iteration 5350, loss = 3.0276
Iteration 5360, loss = 2.7876
Iteration 5370, loss = 3.3276
Iteration 5380, loss = 2.7751
Iteration 5390, loss = 2.3288
Iteration 5400, loss = 2.0486
Iteration 5410, loss = 2.2845
Iteration 5420, loss = 3.0301
Iteration 5430, loss = 2.0644
Iteration 5440, loss = 2.7342
Iteration 5450, loss = 2.4897
Iteration 5460, loss = 3.0753
Iteration 5470, loss = 2.7553
Iteration 5480, loss = 2.8852
Iteration 5490, loss = 2.6939
Iteration 5500, loss = 1.8755
Iteration 5510, loss = 2.1552
Iteration 5520, loss = 2.6712
Iteration 5530, loss = 2.5170
Iteration 5540, loss = 2.3290
Iteration 5550, loss = 3.5167
Iteration 5560, loss = 2.2549
Iteration 5570, loss = 2.5004
Iteration 5580, loss = 2.7731
Iteration 5590, loss = 2.4758
Iteration 5600, loss = 2.9325
Iteration 5610, loss = 3.0085
Iteration 5620, loss = 2.5068
Iteration 5630, loss = 2.8453
Iteration 5640, loss = 2.1332
Iteration 5650, loss = 2.1173
Iteration 5660, loss = 2.3113
Iteration 5670, loss = 2.4481
Iteration 5680, loss = 2.1487
Iteration 5690, loss = 2.7875
Iteration 5700, loss = 2.3982
Iteration 5710, loss = 2.5562
Iteration 5720, loss = 2.7657
Iteration 5730, loss = 2.4607
Iteration 5740, loss = 2.5451
Iteration 5750, loss = 2.6427
Iteration 5760, loss = 2.8516
Iteration 5770, loss = 2.3623
Starting epoch 4
Iteration 5780, loss = 2.6907
Iteration 5790, loss = 2.8316
Iteration 5800, loss = 2.5536
Iteration 5810, loss = 2.4912
Iteration 5820, loss = 2.7732
Iteration 5830, loss = 2.5984
Iteration 5840, loss = 2.9624
Iteration 5850, loss = 2.1826
Iteration 5860, loss = 2.2807
Iteration 5870, loss = 2.5797
Iteration 5880, loss = 2.8140
Iteration 5890, loss = 2.6046
Iteration 5900, loss = 2.4919
Iteration 5910, loss = 2.4198
Iteration 5920, loss = 2.9718
Iteration 5930, loss = 2.6321
Iteration 5940, loss = 2.6948
Iteration 5950, loss = 2.3192
Iteration 5960, loss = 2.5724
Iteration 5970, loss = 2.5597
Iteration 5980, loss = 2.8481
Iteration 5990, loss = 2.8677
Iteration 6000, loss = 2.8663
Om: 9.36%, s8: 6.05% accuracy
RMSE: 0.0321, 0.0623

Iteration 6010, loss = 2.7290
Iteration 6020, loss = 2.6462
Iteration 6030, loss = 2.3581
Iteration 6040, loss = 2.5356
Iteration 6050, loss = 2.6141
Iteration 6060, loss = 2.1540
Iteration 6070, loss = 2.2445
Iteration 6080, loss = 2.2479
Iteration 6090, loss = 2.7438
Iteration 6100, loss = 2.4746
Iteration 6110, loss = 2.3836
Iteration 6120, loss = 2.6016
Iteration 6130, loss = 2.5819
Iteration 6140, loss = 2.8415
Iteration 6150, loss = 3.0506
Iteration 6160, loss = 2.9549
Iteration 6170, loss = 2.9549
Iteration 6180, loss = 2.8877
Iteration 6190, loss = 2.1257
Iteration 6200, loss = 2.1768
Iteration 6210, loss = 2.6166
Iteration 6220, loss = 2.6686
Iteration 6230, loss = 2.7129
Iteration 6240, loss = 1.9334
Iteration 6250, loss = 2.4162
Iteration 6260, loss = 2.5116
Iteration 6270, loss = 2.6787
Iteration 6280, loss = 2.4124
Iteration 6290, loss = 2.6174
Iteration 6300, loss = 2.5220
Iteration 6310, loss = 2.7909
Iteration 6320, loss = 2.5990
Iteration 6330, loss = 2.3498
Iteration 6340, loss = 3.1247
Iteration 6350, loss = 2.5566
Iteration 6360, loss = 3.1615
Iteration 6370, loss = 2.5340
Iteration 6380, loss = 2.3785
Iteration 6390, loss = 2.4945
Iteration 6400, loss = 2.7330
Iteration 6410, loss = 3.3520
Iteration 6420, loss = 2.7528
Iteration 6430, loss = 2.6228
Iteration 6440, loss = 2.6724
Iteration 6450, loss = 2.4535
Iteration 6460, loss = 2.7818
Iteration 6470, loss = 2.5061
Iteration 6480, loss = 1.8190
Iteration 6490, loss = 2.2759
Iteration 6500, loss = 3.3529
Iteration 6510, loss = 2.8608
Iteration 6520, loss = 2.5217
Iteration 6530, loss = 2.8023
Iteration 6540, loss = 2.0742
Iteration 6550, loss = 2.2195
Iteration 6560, loss = 2.6412
Iteration 6570, loss = 3.0524
Iteration 6580, loss = 2.6008
Iteration 6590, loss = 2.5349
Iteration 6600, loss = 2.0487
Iteration 6610, loss = 2.9671
Iteration 6620, loss = 2.6944
Iteration 6630, loss = 2.7155
Iteration 6640, loss = 2.4820
Iteration 6650, loss = 1.8582
Iteration 6660, loss = 2.5677
Iteration 6670, loss = 2.7507
Iteration 6680, loss = 2.5585
Iteration 6690, loss = 2.4792
Iteration 6700, loss = 2.3507
Iteration 6710, loss = 2.7583
Iteration 6720, loss = 3.0656
Iteration 6730, loss = 2.4533
Iteration 6740, loss = 1.9290
Iteration 6750, loss = 2.4386
Iteration 6760, loss = 2.2960
Iteration 6770, loss = 2.6907
Iteration 6780, loss = 2.5700
Iteration 6790, loss = 2.5133
Iteration 6800, loss = 2.6004
Iteration 6810, loss = 2.3524
Iteration 6820, loss = 2.2325
Iteration 6830, loss = 2.4456
Iteration 6840, loss = 2.6407
Iteration 6850, loss = 2.4805
Iteration 6860, loss = 2.2323
Iteration 6870, loss = 2.6471
Iteration 6880, loss = 2.4107
Iteration 6890, loss = 3.3994
Iteration 6900, loss = 2.3254
Iteration 6910, loss = 2.6622
Iteration 6920, loss = 2.4939
Iteration 6930, loss = 2.9264
Iteration 6940, loss = 2.4135
Iteration 6950, loss = 2.8743
Iteration 6960, loss = 2.0571
Iteration 6970, loss = 2.8185
Iteration 6980, loss = 2.2938
Iteration 6990, loss = 2.5491
Iteration 7000, loss = 2.3957
Om: 7.53%, s8: 6.07% accuracy
RMSE: 0.0263, 0.0631

Iteration 7010, loss = 2.3488
Iteration 7020, loss = 2.2782
Iteration 7030, loss = 2.2412
Iteration 7040, loss = 2.1679
Iteration 7050, loss = 2.8237
Iteration 7060, loss = 2.0646
Iteration 7070, loss = 2.7588
Iteration 7080, loss = 2.4731
Iteration 7090, loss = 2.9387
Iteration 7100, loss = 2.4334
Iteration 7110, loss = 2.2056
Iteration 7120, loss = 3.1009
Iteration 7130, loss = 2.5912
Iteration 7140, loss = 3.0413
Iteration 7150, loss = 2.8882
Iteration 7160, loss = 2.7730
Iteration 7170, loss = 2.7791
Iteration 7180, loss = 2.1237
Iteration 7190, loss = 3.1513
Iteration 7200, loss = 2.5593
Iteration 7210, loss = 2.7377
Iteration 7220, loss = 2.6580
Starting epoch 5
Iteration 7230, loss = 2.4987
Iteration 7240, loss = 2.2906
Iteration 7250, loss = 2.4411
Iteration 7260, loss = 2.5867
Iteration 7270, loss = 1.8433
Iteration 7280, loss = 2.4247
Iteration 7290, loss = 2.8472
Iteration 7300, loss = 2.3429
Iteration 7310, loss = 2.5389
Iteration 7320, loss = 2.6077
Iteration 7330, loss = 2.2386
Iteration 7340, loss = 2.9184
Iteration 7350, loss = 2.6333
Iteration 7360, loss = 2.8043
Iteration 7370, loss = 2.8301
Iteration 7380, loss = 2.7673
Iteration 7390, loss = 3.0445
Iteration 7400, loss = 2.5673
Iteration 7410, loss = 3.1783
Iteration 7420, loss = 2.6193
Iteration 7430, loss = 3.3083
Iteration 7440, loss = 2.9938
Iteration 7450, loss = 2.8132
Iteration 7460, loss = 3.2931
Iteration 7470, loss = 3.0125
Iteration 7480, loss = 3.0241
Iteration 7490, loss = 3.9808
Iteration 7500, loss = 2.5508
Iteration 7510, loss = 2.6199
Iteration 7520, loss = 2.9249
Iteration 7530, loss = 2.5720
Iteration 7540, loss = 3.1655
Iteration 7550, loss = 3.0613
Iteration 7560, loss = 2.6715
Iteration 7570, loss = 2.4239
Iteration 7580, loss = 2.4778
Iteration 7590, loss = 1.9798
Iteration 7600, loss = 2.6559
Iteration 7610, loss = 2.7726
Iteration 7620, loss = 2.4412
Iteration 7630, loss = 3.0060
Iteration 7640, loss = 2.3797
Iteration 7650, loss = 2.1124
Iteration 7660, loss = 3.0533
Iteration 7670, loss = 2.2805
Iteration 7680, loss = 3.2786
Iteration 7690, loss = 2.1912
Iteration 7700, loss = 2.2072
Iteration 7710, loss = 3.2326
Iteration 7720, loss = 2.6631
Iteration 7730, loss = 2.3215
Iteration 7740, loss = 2.8352
Iteration 7750, loss = 2.7098
Iteration 7760, loss = 2.2400
Iteration 7770, loss = 2.9711
Iteration 7780, loss = 2.7639
Iteration 7790, loss = 2.7520
Iteration 7800, loss = 2.9676
Iteration 7810, loss = 2.7175
Iteration 7820, loss = 2.1615
Iteration 7830, loss = 2.1229
Iteration 7840, loss = 3.1340
Iteration 7850, loss = 2.7323
Iteration 7860, loss = 2.2381
Iteration 7870, loss = 2.3844
Iteration 7880, loss = 2.0161
Iteration 7890, loss = 2.2681
Iteration 7900, loss = 2.3418
Iteration 7910, loss = 2.3423
Iteration 7920, loss = 2.7830
Iteration 7930, loss = 2.5362
Iteration 7940, loss = 2.3101
Iteration 7950, loss = 2.5503
Iteration 7960, loss = 2.1785
Iteration 7970, loss = 2.2368
Iteration 7980, loss = 2.4237
Iteration 7990, loss = 2.7064
Iteration 8000, loss = 2.5914
Om: 7.56%, s8: 5.50% accuracy
RMSE: 0.0265, 0.0555

Iteration 8010, loss = 2.5416
Iteration 8020, loss = 2.4718
Iteration 8030, loss = 2.1589
Iteration 8040, loss = 2.4046
Iteration 8050, loss = 2.0629
Iteration 8060, loss = 2.4591
Iteration 8070, loss = 3.1833
Iteration 8080, loss = 2.8454
Iteration 8090, loss = 2.7738
Iteration 8100, loss = 2.6015
Iteration 8110, loss = 3.0346
Iteration 8120, loss = 2.6090
Iteration 8130, loss = 2.8050
Iteration 8140, loss = 2.5537
Iteration 8150, loss = 2.6704
Iteration 8160, loss = 2.6583
Iteration 8170, loss = 2.5223
Iteration 8180, loss = 2.4459
Iteration 8190, loss = 2.3882
Iteration 8200, loss = 2.8948
Iteration 8210, loss = 2.9127
Iteration 8220, loss = 3.1162
Iteration 8230, loss = 2.2877
Iteration 8240, loss = 3.0464
Iteration 8250, loss = 2.6634
Iteration 8260, loss = 2.8723
Iteration 8270, loss = 3.4045
Iteration 8280, loss = 2.5484
Iteration 8290, loss = 2.0082
Iteration 8300, loss = 2.3702
Iteration 8310, loss = 3.0825
Iteration 8320, loss = 2.0513
Iteration 8330, loss = 2.7388
Iteration 8340, loss = 2.4428
Iteration 8350, loss = 3.2233
Iteration 8360, loss = 2.5628
Iteration 8370, loss = 2.7361
Iteration 8380, loss = 2.6248
Iteration 8390, loss = 1.9031
Iteration 8400, loss = 2.1560
Iteration 8410, loss = 2.6196
Iteration 8420, loss = 2.4968
Iteration 8430, loss = 2.3291
Iteration 8440, loss = 3.4053
Iteration 8450, loss = 2.1856
Iteration 8460, loss = 2.6317
Iteration 8470, loss = 2.5750
Iteration 8480, loss = 2.4053
Iteration 8490, loss = 2.9034
Iteration 8500, loss = 3.0060
Iteration 8510, loss = 2.6333
Iteration 8520, loss = 2.8043
Iteration 8530, loss = 2.1416
Iteration 8540, loss = 1.9076
Iteration 8550, loss = 2.2388
Iteration 8560, loss = 2.6504
Iteration 8570, loss = 2.4671
Iteration 8580, loss = 2.6940
Iteration 8590, loss = 2.4033
Iteration 8600, loss = 2.8227
Iteration 8610, loss = 2.7827
Iteration 8620, loss = 2.6723
Iteration 8630, loss = 2.4718
Iteration 8640, loss = 2.6211
Iteration 8650, loss = 2.9863
Iteration 8660, loss = 2.2237
Starting epoch 6
Iteration 8670, loss = 2.6759
Iteration 8680, loss = 2.8546
Iteration 8690, loss = 2.4029
Iteration 8700, loss = 2.4718
Iteration 8710, loss = 2.7512
Iteration 8720, loss = 2.5103
Iteration 8730, loss = 2.5530
Iteration 8740, loss = 2.1927
Iteration 8750, loss = 2.3534
Iteration 8760, loss = 2.5511
Iteration 8770, loss = 2.6906
Iteration 8780, loss = 2.5770
Iteration 8790, loss = 2.4707
Iteration 8800, loss = 2.1693
Iteration 8810, loss = 2.7865
Iteration 8820, loss = 2.7146
Iteration 8830, loss = 2.7176
Iteration 8840, loss = 2.3563
Iteration 8850, loss = 2.5776
Iteration 8860, loss = 2.5222
Iteration 8870, loss = 2.7956
Iteration 8880, loss = 2.8600
Iteration 8890, loss = 2.8080
Iteration 8900, loss = 2.8069
Iteration 8910, loss = 2.6124
Iteration 8920, loss = 2.2854
Iteration 8930, loss = 2.5232
Iteration 8940, loss = 2.6447
Iteration 8950, loss = 2.3128
Iteration 8960, loss = 2.4071
Iteration 8970, loss = 2.7575
Iteration 8980, loss = 2.7179
Iteration 8990, loss = 2.6152
Iteration 9000, loss = 2.4247
Om: 7.39%, s8: 5.60% accuracy
RMSE: 0.0256, 0.0562

Iteration 9010, loss = 2.6744
Iteration 9020, loss = 2.4955
Iteration 9030, loss = 2.8357
Iteration 9040, loss = 2.8496
Iteration 9050, loss = 2.9736
Iteration 9060, loss = 2.8118
Iteration 9070, loss = 2.5642
Iteration 9080, loss = 1.9322
Iteration 9090, loss = 2.0164
Iteration 9100, loss = 2.5937
Iteration 9110, loss = 2.6656
Iteration 9120, loss = 2.8577
Iteration 9130, loss = 1.9923
Iteration 9140, loss = 2.3940
Iteration 9150, loss = 2.5729
Iteration 9160, loss = 2.3909
Iteration 9170, loss = 1.9689
Iteration 9180, loss = 2.7064
Iteration 9190, loss = 2.5078
Iteration 9200, loss = 2.7924
Iteration 9210, loss = 2.8391
Iteration 9220, loss = 2.4517
Iteration 9230, loss = 2.6188
Iteration 9240, loss = 2.4747
Iteration 9250, loss = 3.3482
Iteration 9260, loss = 2.5339
Iteration 9270, loss = 2.4340
Iteration 9280, loss = 2.4638
Iteration 9290, loss = 2.7549
Iteration 9300, loss = 3.0877
Iteration 9310, loss = 2.6965
Iteration 9320, loss = 2.6437
Iteration 9330, loss = 2.6867
Iteration 9340, loss = 2.4390
Iteration 9350, loss = 2.7949
Iteration 9360, loss = 2.5025
Iteration 9370, loss = 1.8296
Iteration 9380, loss = 2.1293
Iteration 9390, loss = 3.0725
Iteration 9400, loss = 2.7830
Iteration 9410, loss = 2.6108
Iteration 9420, loss = 2.7166
Iteration 9430, loss = 2.1938
Iteration 9440, loss = 2.2485
Iteration 9450, loss = 2.4660
Iteration 9460, loss = 3.0724
Iteration 9470, loss = 2.7006
Iteration 9480, loss = 2.5609
Iteration 9490, loss = 2.1540
Iteration 9500, loss = 2.9793
Iteration 9510, loss = 2.7888
Iteration 9520, loss = 2.8642
Iteration 9530, loss = 2.5282
Iteration 9540, loss = 2.0174
Iteration 9550, loss = 2.5733
Iteration 9560, loss = 2.4516
Iteration 9570, loss = 2.4828
Iteration 9580, loss = 2.4360
Iteration 9590, loss = 2.5600
Iteration 9600, loss = 2.8250
Iteration 9610, loss = 3.1682
Iteration 9620, loss = 2.4469
Iteration 9630, loss = 1.9280
Iteration 9640, loss = 2.4438
Iteration 9650, loss = 2.3913
Iteration 9660, loss = 2.6748
Iteration 9670, loss = 2.4544
Iteration 9680, loss = 2.4974
Iteration 9690, loss = 2.4735
Iteration 9700, loss = 2.2398
Iteration 9710, loss = 2.5782
Iteration 9720, loss = 2.3746
Iteration 9730, loss = 2.6113
Iteration 9740, loss = 2.6209
Iteration 9750, loss = 2.1545
Iteration 9760, loss = 2.6407
Iteration 9770, loss = 2.4186
Iteration 9780, loss = 3.1634
Iteration 9790, loss = 2.4142
Iteration 9800, loss = 2.5145
Iteration 9810, loss = 2.2231
Iteration 9820, loss = 2.9006
Iteration 9830, loss = 2.3959
Iteration 9840, loss = 2.7598
Iteration 9850, loss = 2.0314
Iteration 9860, loss = 2.8158
Iteration 9870, loss = 2.2965
Iteration 9880, loss = 2.5091
Iteration 9890, loss = 2.5741
Iteration 9900, loss = 2.3671
Iteration 9910, loss = 2.3598
Iteration 9920, loss = 2.2504
Iteration 9930, loss = 2.1409
Iteration 9940, loss = 2.5673
Iteration 9950, loss = 2.5465
Iteration 9960, loss = 2.7332
Iteration 9970, loss = 2.3502
Iteration 9980, loss = 2.8928
Iteration 9990, loss = 2.4398
Iteration 10000, loss = 2.2624
Om: 9.12%, s8: 7.08% accuracy
RMSE: 0.0314, 0.0723

Iteration 10010, loss = 2.6985
Iteration 10020, loss = 2.2859
Iteration 10030, loss = 3.5091
Iteration 10040, loss = 3.3986
Iteration 10050, loss = 3.0047
Iteration 10060, loss = 2.6581
Iteration 10070, loss = 2.1729
Iteration 10080, loss = 3.1930
Iteration 10090, loss = 2.5294
Iteration 10100, loss = 3.1148
Iteration 10110, loss = 2.6976
Starting epoch 7
Iteration 10120, loss = 2.5267
Iteration 10130, loss = 2.2846
Iteration 10140, loss = 2.4425
Iteration 10150, loss = 2.5868
Iteration 10160, loss = 1.7177
Iteration 10170, loss = 2.4185
Iteration 10180, loss = 2.8252
Iteration 10190, loss = 2.2860
Iteration 10200, loss = 2.5317
Iteration 10210, loss = 2.5791
Iteration 10220, loss = 2.2181
Iteration 10230, loss = 2.8583
Iteration 10240, loss = 2.6282
Iteration 10250, loss = 2.9149
Iteration 10260, loss = 2.8391
Iteration 10270, loss = 2.7840
Iteration 10280, loss = 3.0690
Iteration 10290, loss = 2.5368
Iteration 10300, loss = 3.1934
Iteration 10310, loss = 2.6435
Iteration 10320, loss = 3.3142
Iteration 10330, loss = 2.9800
Iteration 10340, loss = 2.6310
Iteration 10350, loss = 3.3371
Iteration 10360, loss = 2.9825
Iteration 10370, loss = 3.0006
Iteration 10380, loss = 3.7094
Iteration 10390, loss = 2.4587
Iteration 10400, loss = 2.6097
Iteration 10410, loss = 2.9566
Iteration 10420, loss = 2.5683
Iteration 10430, loss = 2.7363
Iteration 10440, loss = 2.7605
Iteration 10450, loss = 2.6231
Iteration 10460, loss = 2.4527
Iteration 10470, loss = 2.3935
Iteration 10480, loss = 1.9692
Iteration 10490, loss = 2.6564
Iteration 10500, loss = 2.8565
Iteration 10510, loss = 2.4429
Iteration 10520, loss = 3.0060
Iteration 10530, loss = 2.4125
Iteration 10540, loss = 2.1574
Iteration 10550, loss = 2.9101
Iteration 10560, loss = 2.2251
Iteration 10570, loss = 3.4281
Iteration 10580, loss = 2.1347
Iteration 10590, loss = 2.2338
Iteration 10600, loss = 3.1128
Iteration 10610, loss = 2.5189
Iteration 10620, loss = 2.4115
Iteration 10630, loss = 2.8126
Iteration 10640, loss = 2.6295
Iteration 10650, loss = 2.2479
Iteration 10660, loss = 2.8297
Iteration 10670, loss = 2.8166
Iteration 10680, loss = 2.6846
Iteration 10690, loss = 2.9253
Iteration 10700, loss = 2.5631
Iteration 10710, loss = 2.0894
Iteration 10720, loss = 2.0976
Iteration 10730, loss = 2.5846
Iteration 10740, loss = 2.7339
Iteration 10750, loss = 2.2497
Iteration 10760, loss = 2.2863
Iteration 10770, loss = 2.0935
Iteration 10780, loss = 2.2475
Iteration 10790, loss = 2.3236
Iteration 10800, loss = 2.3490
Iteration 10810, loss = 2.7833
Iteration 10820, loss = 2.6251
Iteration 10830, loss = 2.2819
Iteration 10840, loss = 2.5711
Iteration 10850, loss = 2.3980
Iteration 10860, loss = 2.2515
Iteration 10870, loss = 2.4341
Iteration 10880, loss = 2.4884
Iteration 10890, loss = 2.6359
Iteration 10900, loss = 2.9719
Iteration 10910, loss = 2.4808
Iteration 10920, loss = 2.1525
Iteration 10930, loss = 2.0096
Iteration 10940, loss = 2.1266
Iteration 10950, loss = 2.5269
Iteration 10960, loss = 3.4829
Iteration 10970, loss = 2.4391
Iteration 10980, loss = 2.7573
Iteration 10990, loss = 2.6521
Iteration 11000, loss = 2.9665
slurmstepd: error: *** JOB 53764430 ON sh-19-02 CANCELLED AT 2019-10-30T10:18:45 DUE TO TIME LIMIT ***
